
default 0
timeout 10
find --set-root /grldr

fontfile /boot/fonts_zhs
 
title [01]--Win10 x64 160112
chainloader /bootmgr
 
title [02]--Start Ubuntu16.04
kernel /boot/ubuntu/vmlinuz.efi boot=casper iso-scan/filename=/boot/ubuntu/Ubuntu1604-3_x8664.iso locale=zh_CN.UTF-8
initrd /boot/ubuntu/initrd.lz

title [03]--WePE
find --set-root /WEPE/WEPE64
chainloader /WEPE/WEPE64

title [04]--MaxDOS
map --mem /WEPE/MAXDOS.IMG (fd0)
map --hook
chainloader (fd0)+1
rootnoverify (fd0)

title [05]--Chainload SysLinux for CentOS
find --set-root --ignore-floppies /isolinux/syslinux.bin
chainloader --force /isolinux/syslinux.bin

title [06]--Wu2Yin2 PE with Network
find --set-root --ignore-floppies --ignore-cd /ISO/Win8PE64-20170903.iso
map /ISO/Win8PE64-20170903.iso (0xff)
map --hook
chainloader (0xff)

title [11]--Start from disk
map (hd0) (hd1)
map (hd1) (hd0)
map --hook
rootnoverify (hd0,0)
makeactive
chainloader +1
 
title [12]--Restart
reboot
 
title [13]--Shutdown
halt